<?xml version="1.0" encoding="UTF-8"?>
<!-- Generated by org.testng.reporters.JUnitReportReporter -->
<testsuite hostname="INBOOK_X1_NEO" failures="0" tests="2" name="com.WebAutomationTest.Demo" time="23.260" errors="1" timestamp="2025-10-04T23:04:11 IST" skipped="0">
  <testcase classname="com.WebAutomationTest.Demo" name="testValidLogin" time="9.721"/>
  <testcase classname="com.WebAutomationTest.Demo" name="testInvalidLogin" time="13.539">
    <error message="Error {
  message=&#039;Target page, context or browser has been closed
  name=&#039;TargetClosedError
  stack=&#039;TargetClosedError:Target page, context or browser has been closed
Error
    at captureRawStack (C:\Users\dhivy\AppData\Local\Temp\playwright-java-5228217119032959083\package\lib\utils\isomorphic\stackTrace.js:32:17)
    at LongStandingScope._race (C:\Users\dhivy\AppData\Local\Temp\playwright-java-5228217119032959083\package\lib\utils\isomorphic\manualPromise.js:87:58)
    at LongStandingScope.race (C:\Users\dhivy\AppData\Local\Temp\playwright-java-5228217119032959083\package\lib\utils\isomorphic\manualPromise.js:80:17)
    at C:\Users\dhivy\AppData\Local\Temp\playwright-java-5228217119032959083\package\lib\utils\isomorphic\manualPromise.js:77:45
    at Array.map (&lt;anonymous&gt;)
    at LongStandingScope.raceMultiple (C:\Users\dhivy\AppData\Local\Temp\playwright-java-5228217119032959083\package\lib\utils\isomorphic\manualPromise.js:77:32)
    at Frame.retryWithProgressAndTimeouts (C:\Users\dhivy\AppData\Local\Temp\playwright-java-5228217119032959083\package\lib\server\frames.js:865:60)
    at async Frame.click (C:\Users\dhivy\AppData\Local\Temp\playwright-java-5228217119032959083\package\lib\server\frames.js:944:27)
    at async FrameDispatcher.click (C:\Users\dhivy\AppData\Local\Temp\playwright-java-5228217119032959083\package\lib\server\dispatchers\frameDispatcher.js:117:12)
    at async ProgressController.run (C:\Users\dhivy\AppData\Local\Temp\playwright-java-5228217119032959083\package\lib\server\progress.js:139:41)
    at async FrameDispatcher._runCommand (C:\Users\dhivy\AppData\Local\Temp\playwright-java-5228217119032959083\package\lib\server\dispatchers\dispatcher.js:91:14)
    at async DispatcherConnection.dispatch (C:\Users\dhivy\AppData\Local\Temp\playwright-java-5228217119032959083\package\lib\server\dispatchers\dispatcher.js:322:22)
}
Call log:
-   - waiting for locator(&quot;//a[normalize-space()=&#039;Test Login Page&#039;]&quot;)
" type="com.microsoft.playwright.impl.TargetClosedError">
      <![CDATA[com.microsoft.playwright.impl.TargetClosedError: Error {
  message='Target page, context or browser has been closed
  name='TargetClosedError
  stack='TargetClosedError:Target page, context or browser has been closed
Error
    at captureRawStack (C:\Users\dhivy\AppData\Local\Temp\playwright-java-5228217119032959083\package\lib\utils\isomorphic\stackTrace.js:32:17)
    at LongStandingScope._race (C:\Users\dhivy\AppData\Local\Temp\playwright-java-5228217119032959083\package\lib\utils\isomorphic\manualPromise.js:87:58)
    at LongStandingScope.race (C:\Users\dhivy\AppData\Local\Temp\playwright-java-5228217119032959083\package\lib\utils\isomorphic\manualPromise.js:80:17)
    at C:\Users\dhivy\AppData\Local\Temp\playwright-java-5228217119032959083\package\lib\utils\isomorphic\manualPromise.js:77:45
    at Array.map (<anonymous>)
    at LongStandingScope.raceMultiple (C:\Users\dhivy\AppData\Local\Temp\playwright-java-5228217119032959083\package\lib\utils\isomorphic\manualPromise.js:77:32)
    at Frame.retryWithProgressAndTimeouts (C:\Users\dhivy\AppData\Local\Temp\playwright-java-5228217119032959083\package\lib\server\frames.js:865:60)
    at async Frame.click (C:\Users\dhivy\AppData\Local\Temp\playwright-java-5228217119032959083\package\lib\server\frames.js:944:27)
    at async FrameDispatcher.click (C:\Users\dhivy\AppData\Local\Temp\playwright-java-5228217119032959083\package\lib\server\dispatchers\frameDispatcher.js:117:12)
    at async ProgressController.run (C:\Users\dhivy\AppData\Local\Temp\playwright-java-5228217119032959083\package\lib\server\progress.js:139:41)
    at async FrameDispatcher._runCommand (C:\Users\dhivy\AppData\Local\Temp\playwright-java-5228217119032959083\package\lib\server\dispatchers\dispatcher.js:91:14)
    at async DispatcherConnection.dispatch (C:\Users\dhivy\AppData\Local\Temp\playwright-java-5228217119032959083\package\lib\server\dispatchers\dispatcher.js:322:22)
}
Call log:
-   - waiting for locator("//a[normalize-space()='Test Login Page']")

at com.microsoft.playwright.impl.WaitableResult.get(WaitableResult.java:54)
at com.microsoft.playwright.impl.ChannelOwner.runUntil(ChannelOwner.java:138)
at com.microsoft.playwright.impl.Connection.sendMessage(Connection.java:131)
at com.microsoft.playwright.impl.ChannelOwner.sendMessage(ChannelOwner.java:124)
at com.microsoft.playwright.impl.FrameImpl.clickImpl(FrameImpl.java:241)
at com.microsoft.playwright.impl.PageImpl.click(PageImpl.java:680)
at com.microsoft.playwright.Page.click(Page.java:3931)
at com.WebAutomationTest.Demo.navigateToLogin(Demo.java:62)
at com.WebAutomationTest.Demo.testInvalidLogin(Demo.java:52)
at java.base/jdk.internal.reflect.DirectMethodHandleAccessor.invoke(DirectMethodHandleAccessor.java:103)
at java.base/java.lang.reflect.Method.invoke(Method.java:580)
at org.testng.internal.invokers.MethodInvocationHelper.invokeMethod(MethodInvocationHelper.java:141)
at org.testng.internal.invokers.TestInvoker.invokeMethod(TestInvoker.java:687)
at org.testng.internal.invokers.TestInvoker.invokeTestMethod(TestInvoker.java:230)
at org.testng.internal.invokers.MethodRunner.runInSequence(MethodRunner.java:63)
at org.testng.internal.invokers.TestInvoker$MethodInvocationAgent.invoke(TestInvoker.java:995)
at org.testng.internal.invokers.TestInvoker.invokeTestMethods(TestInvoker.java:203)
at org.testng.internal.invokers.TestMethodWorker.invokeTestMethods(TestMethodWorker.java:154)
at org.testng.internal.invokers.TestMethodWorker.run(TestMethodWorker.java:134)
at java.base/java.util.ArrayList.forEach(ArrayList.java:1596)
at org.testng.TestRunner.privateRun(TestRunner.java:741)
at org.testng.TestRunner.run(TestRunner.java:616)
at org.testng.SuiteRunner.runTest(SuiteRunner.java:421)
at org.testng.SuiteRunner.runSequentially(SuiteRunner.java:413)
at org.testng.SuiteRunner.privateRun(SuiteRunner.java:373)
at org.testng.SuiteRunner.run(SuiteRunner.java:312)
at org.testng.SuiteRunnerWorker.runSuite(SuiteRunnerWorker.java:52)
at org.testng.SuiteRunnerWorker.run(SuiteRunnerWorker.java:95)
at org.testng.TestNG.runSuitesSequentially(TestNG.java:1274)
at org.testng.TestNG.runSuitesLocally(TestNG.java:1208)
at org.testng.TestNG.runSuites(TestNG.java:1112)
at org.testng.TestNG.run(TestNG.java:1079)
at org.testng.remote.AbstractRemoteTestNG.run(AbstractRemoteTestNG.java:115)
at org.testng.remote.RemoteTestNG.initAndRun(RemoteTestNG.java:293)
at org.testng.remote.RemoteTestNG.main(RemoteTestNG.java:91)
Caused by: com.microsoft.playwright.impl.TargetClosedError: Error {
  message='Target page, context or browser has been closed
  name='TargetClosedError
  stack='TargetClosedError:Target page, context or browser has been closed
Error
    at captureRawStack (C:\Users\dhivy\AppData\Local\Temp\playwright-java-5228217119032959083\package\lib\utils\isomorphic\stackTrace.js:32:17)
    at LongStandingScope._race (C:\Users\dhivy\AppData\Local\Temp\playwright-java-5228217119032959083\package\lib\utils\isomorphic\manualPromise.js:87:58)
    at LongStandingScope.race (C:\Users\dhivy\AppData\Local\Temp\playwright-java-5228217119032959083\package\lib\utils\isomorphic\manualPromise.js:80:17)
    at C:\Users\dhivy\AppData\Local\Temp\playwright-java-5228217119032959083\package\lib\utils\isomorphic\manualPromise.js:77:45
    at Array.map (<anonymous>)
    at LongStandingScope.raceMultiple (C:\Users\dhivy\AppData\Local\Temp\playwright-java-5228217119032959083\package\lib\utils\isomorphic\manualPromise.js:77:32)
    at Frame.retryWithProgressAndTimeouts (C:\Users\dhivy\AppData\Local\Temp\playwright-java-5228217119032959083\package\lib\server\frames.js:865:60)
    at async Frame.click (C:\Users\dhivy\AppData\Local\Temp\playwright-java-5228217119032959083\package\lib\server\frames.js:944:27)
    at async FrameDispatcher.click (C:\Users\dhivy\AppData\Local\Temp\playwright-java-5228217119032959083\package\lib\server\dispatchers\frameDispatcher.js:117:12)
    at async ProgressController.run (C:\Users\dhivy\AppData\Local\Temp\playwright-java-5228217119032959083\package\lib\server\progress.js:139:41)
    at async FrameDispatcher._runCommand (C:\Users\dhivy\AppData\Local\Temp\playwright-java-5228217119032959083\package\lib\server\dispatchers\dispatcher.js:91:14)
    at async DispatcherConnection.dispatch (C:\Users\dhivy\AppData\Local\Temp\playwright-java-5228217119032959083\package\lib\server\dispatchers\dispatcher.js:322:22)
}
Call log:
-   - waiting for locator("//a[normalize-space()='Test Login Page']")

at com.microsoft.playwright.impl.Connection.dispatch(Connection.java:259)
at com.microsoft.playwright.impl.Connection.processOneMessage(Connection.java:214)
at com.microsoft.playwright.impl.ChannelOwner.runUntil(ChannelOwner.java:136)
... 33 more
]]>
    </error>
  </testcase> <!-- testInvalidLogin -->
</testsuite> <!-- com.WebAutomationTest.Demo -->
